[04-Jan-2024 10:45:36 UTC] PHP Notice:  Undefined index: currency in /home/u225552550/domains/eybus.xyz/public_html/inv/Custom/get_unit_price.php on line 4
[04-Jan-2024 10:45:36 UTC] PHP Warning:  mysqli_fetch_array() expects parameter 1 to be mysqli_result, boolean given in /home/u225552550/domains/eybus.xyz/public_html/inv/Custom/get_unit_price.php on line 6
[04-Jan-2024 10:45:52 UTC] PHP Notice:  Undefined index: currency in /home/u225552550/domains/eybus.xyz/public_html/inv/Custom/get_unit_price.php on line 4
[04-Jan-2024 10:45:52 UTC] PHP Warning:  mysqli_fetch_array() expects parameter 1 to be mysqli_result, boolean given in /home/u225552550/domains/eybus.xyz/public_html/inv/Custom/get_unit_price.php on line 6
[04-Jan-2024 10:47:11 UTC] PHP Warning:  mysqli_fetch_array() expects parameter 1 to be mysqli_result, boolean given in /home/u225552550/domains/eybus.xyz/public_html/inv/Custom/get_unit_price.php on line 6
[04-Jan-2024 10:47:19 UTC] PHP Warning:  mysqli_fetch_array() expects parameter 1 to be mysqli_result, boolean given in /home/u225552550/domains/eybus.xyz/public_html/inv/Custom/get_unit_price.php on line 6
[04-Jan-2024 10:47:45 UTC] PHP Warning:  mysqli_fetch_array() expects parameter 1 to be mysqli_result, boolean given in /home/u225552550/domains/eybus.xyz/public_html/inv/Custom/get_unit_price.php on line 6
[04-Jan-2024 10:47:51 UTC] PHP Warning:  mysqli_fetch_array() expects parameter 1 to be mysqli_result, boolean given in /home/u225552550/domains/eybus.xyz/public_html/inv/Custom/get_unit_price.php on line 6
[04-Jan-2024 10:47:57 UTC] PHP Warning:  mysqli_fetch_array() expects parameter 1 to be mysqli_result, boolean given in /home/u225552550/domains/eybus.xyz/public_html/inv/Custom/get_unit_price.php on line 6
[04-Jan-2024 10:50:39 UTC] PHP Warning:  mysqli_fetch_array() expects parameter 1 to be mysqli_result, boolean given in /home/u225552550/domains/eybus.xyz/public_html/inv/Custom/get_unit_price.php on line 6
[04-Jan-2024 10:51:07 UTC] PHP Warning:  mysqli_fetch_array() expects parameter 1 to be mysqli_result, boolean given in /home/u225552550/domains/eybus.xyz/public_html/inv/Custom/get_unit_price.php on line 6
[04-Jan-2024 10:53:02 UTC] PHP Warning:  mysqli_fetch_array() expects parameter 1 to be mysqli_result, boolean given in /home/u225552550/domains/eybus.xyz/public_html/inv/Custom/get_unit_price.php on line 6
[04-Jan-2024 10:54:23 UTC] PHP Warning:  mysqli_fetch_array() expects parameter 1 to be mysqli_result, boolean given in /home/u225552550/domains/eybus.xyz/public_html/inv/Custom/get_unit_price.php on line 6
[04-Jan-2024 10:55:40 UTC] PHP Warning:  mysqli_fetch_array() expects parameter 1 to be mysqli_result, boolean given in /home/u225552550/domains/eybus.xyz/public_html/inv/Custom/get_unit_price.php on line 6
[04-Jan-2024 10:56:01 UTC] PHP Notice:  Undefined index: product_price in /home/u225552550/domains/eybus.xyz/public_html/inv/Custom/get_unit_price.php on line 8
[04-Jan-2024 10:56:04 UTC] PHP Warning:  mysqli_fetch_array() expects parameter 1 to be mysqli_result, boolean given in /home/u225552550/domains/eybus.xyz/public_html/inv/Custom/get_unit_price.php on line 6
[04-Jan-2024 10:57:18 UTC] PHP Warning:  mysqli_fetch_array() expects parameter 1 to be mysqli_result, boolean given in /home/u225552550/domains/eybus.xyz/public_html/inv/Custom/get_unit_price.php on line 6
[04-Jan-2024 10:57:25 UTC] PHP Warning:  mysqli_fetch_array() expects parameter 1 to be mysqli_result, boolean given in /home/u225552550/domains/eybus.xyz/public_html/inv/Custom/get_unit_price.php on line 6
[04-Jan-2024 10:57:37 UTC] PHP Warning:  mysqli_fetch_array() expects parameter 1 to be mysqli_result, boolean given in /home/u225552550/domains/eybus.xyz/public_html/inv/Custom/get_unit_price.php on line 6
[29-Jan-2024 09:44:50 UTC] PHP Notice:  Undefined index: qty in /home/u225552550/domains/eybus.xyz/public_html/inv/Custom/split_join_ats.php on line 4
[29-Jan-2024 09:44:50 UTC] PHP Notice:  Undefined index: split_notes in /home/u225552550/domains/eybus.xyz/public_html/inv/Custom/split_join_ats.php on line 7
[29-Jan-2024 09:44:50 UTC] PHP Notice:  Undefined index: po_id in /home/u225552550/domains/eybus.xyz/public_html/inv/Custom/split_join_ats.php on line 9
[29-Jan-2024 10:21:52 UTC] PHP Notice:  Undefined index: partno in /home/u225552550/domains/eybus.xyz/public_html/inv/Custom/add_inv_2.php on line 5
[29-Jan-2024 10:49:14 UTC] PHP Notice:  Undefined index: partno in /home/u225552550/domains/eybus.xyz/public_html/inv/Custom/add_inv_2.php on line 5
[04-Mar-2024 06:56:20 UTC] PHP Notice:  Undefined index: partno in /home/u225552550/domains/eybus.xyz/public_html/inv/Custom/add_ats_2.php on line 5
[04-Mar-2024 07:19:07 UTC] PHP Notice:  Undefined index: partno in /home/u225552550/domains/eybus.xyz/public_html/inv/Custom/add_ats_2.php on line 5
[04-Mar-2024 07:22:38 UTC] PHP Notice:  Undefined index: partno in /home/u225552550/domains/eybus.xyz/public_html/inv/Custom/add_ats_2.php on line 5
[04-Mar-2024 07:29:14 UTC] PHP Notice:  Undefined index: partno in /home/u225552550/domains/eybus.xyz/public_html/inv/Custom/add_ats_2.php on line 5
[04-Mar-2024 07:32:31 UTC] PHP Notice:  Undefined index: partno in /home/u225552550/domains/eybus.xyz/public_html/inv/Custom/add_ats_2.php on line 5
[04-Mar-2024 08:21:37 UTC] PHP Notice:  Undefined index: partno in /home/u225552550/domains/eybus.xyz/public_html/inv/Custom/add_ats_2.php on line 5
[04-Mar-2024 08:40:26 UTC] PHP Notice:  Undefined index: partno in /home/u225552550/domains/eybus.xyz/public_html/inv/Custom/add_ats_2.php on line 5
[04-Mar-2024 08:44:12 UTC] PHP Notice:  Undefined index: partno in /home/u225552550/domains/eybus.xyz/public_html/inv/Custom/add_ats_2.php on line 5
[04-Mar-2024 08:53:11 UTC] PHP Notice:  Undefined index: partno in /home/u225552550/domains/eybus.xyz/public_html/inv/Custom/add_ats_2.php on line 5
[05-Mar-2024 03:57:05 UTC] PHP Notice:  Undefined index: partno in /home/u225552550/domains/eybus.xyz/public_html/inv/Custom/add_ats_2.php on line 5
[05-Mar-2024 04:43:36 UTC] PHP Notice:  Undefined index: partno in /home/u225552550/domains/eybus.xyz/public_html/inv/Custom/add_ats_2.php on line 5
[05-Mar-2024 04:44:13 UTC] PHP Notice:  Undefined index: partno in /home/u225552550/domains/eybus.xyz/public_html/inv/Custom/add_ats_2.php on line 5
[05-Mar-2024 04:44:41 UTC] PHP Notice:  Undefined index: qty in /home/u225552550/domains/eybus.xyz/public_html/inv/Custom/split_join_ats.php on line 4
[05-Mar-2024 04:44:41 UTC] PHP Notice:  Undefined index: split_notes in /home/u225552550/domains/eybus.xyz/public_html/inv/Custom/split_join_ats.php on line 7
[05-Mar-2024 04:44:41 UTC] PHP Notice:  Undefined index: po_id in /home/u225552550/domains/eybus.xyz/public_html/inv/Custom/split_join_ats.php on line 9
[05-Mar-2024 04:44:48 UTC] PHP Notice:  Undefined index: qty in /home/u225552550/domains/eybus.xyz/public_html/inv/Custom/split_join_ats.php on line 4
[05-Mar-2024 04:44:48 UTC] PHP Notice:  Undefined index: split_notes in /home/u225552550/domains/eybus.xyz/public_html/inv/Custom/split_join_ats.php on line 7
[05-Mar-2024 04:44:48 UTC] PHP Notice:  Undefined index: po_id in /home/u225552550/domains/eybus.xyz/public_html/inv/Custom/split_join_ats.php on line 9
[05-Mar-2024 04:45:21 UTC] PHP Notice:  Undefined index: partno in /home/u225552550/domains/eybus.xyz/public_html/inv/Custom/add_inv_2.php on line 5
[05-Mar-2024 04:48:51 UTC] PHP Notice:  Undefined index: partno in /home/u225552550/domains/eybus.xyz/public_html/inv/Custom/add_inv_2.php on line 5
[05-Mar-2024 05:52:36 UTC] PHP Notice:  Undefined index: partno in /home/u225552550/domains/eybus.xyz/public_html/inv/Custom/add_ats_2.php on line 5
[09-Mar-2024 10:45:36 UTC] PHP Warning:  require(vendor/autoload.php) [<a href='0function.require0'>function.require0</a>]: failed to open stream: No such file or directory in /home/u225552550/domains/eybus.xyz/public_html/inv/Custom/readxl.php on line 2
[09-Mar-2024 10:45:36 UTC] PHP Warning:  require(vendor/autoload.php) [<a href='0function.require0'>function.require0</a>]: failed to open stream: No such file or directory in /home/u225552550/domains/eybus.xyz/public_html/inv/Custom/readxl.php on line 2
[09-Mar-2024 10:45:36 UTC] PHP Fatal error:  require() [<a href='0function.require0'>function.require0</a>]: Failed opening required 'vendor/autoload.php' (include_path='.:/opt/alt/php72/usr/share/pear') in /home/u225552550/domains/eybus.xyz/public_html/inv/Custom/readxl.php on line 2
[09-Mar-2024 10:46:09 UTC] PHP Fatal error:  Uncaught Error: Class 'PhpOffice\PhpSpreadsheet\IOFactory' not found in /home/u225552550/domains/eybus.xyz/public_html/inv/Custom/readxl.php:8
Stack trace:
#0 {main}
  thrown in /home/u225552550/domains/eybus.xyz/public_html/inv/Custom/readxl.php on line 8
[09-Mar-2024 10:46:10 UTC] PHP Fatal error:  Uncaught Error: Class 'PhpOffice\PhpSpreadsheet\IOFactory' not found in /home/u225552550/domains/eybus.xyz/public_html/inv/Custom/readxl.php:8
Stack trace:
#0 {main}
  thrown in /home/u225552550/domains/eybus.xyz/public_html/inv/Custom/readxl.php on line 8
[09-Mar-2024 10:46:10 UTC] PHP Fatal error:  Uncaught Error: Class 'PhpOffice\PhpSpreadsheet\IOFactory' not found in /home/u225552550/domains/eybus.xyz/public_html/inv/Custom/readxl.php:8
Stack trace:
#0 {main}
  thrown in /home/u225552550/domains/eybus.xyz/public_html/inv/Custom/readxl.php on line 8
[09-Mar-2024 10:46:10 UTC] PHP Fatal error:  Uncaught Error: Class 'PhpOffice\PhpSpreadsheet\IOFactory' not found in /home/u225552550/domains/eybus.xyz/public_html/inv/Custom/readxl.php:8
Stack trace:
#0 {main}
  thrown in /home/u225552550/domains/eybus.xyz/public_html/inv/Custom/readxl.php on line 8
[09-Mar-2024 10:47:28 UTC] PHP Fatal error:  Uncaught Error: Class 'PhpOffice\PhpSpreadsheet\IOFactory' not found in /home/u225552550/domains/eybus.xyz/public_html/inv/Custom/readxl.php:9
Stack trace:
#0 {main}
  thrown in /home/u225552550/domains/eybus.xyz/public_html/inv/Custom/readxl.php on line 9
[09-Mar-2024 10:48:38 UTC] PHP Fatal error:  Uncaught Error: Class 'PhpOffice\PhpSpreadsheet\IOFactory' not found in /home/u225552550/domains/eybus.xyz/public_html/inv/Custom/readxl.php:9
Stack trace:
#0 {main}
  thrown in /home/u225552550/domains/eybus.xyz/public_html/inv/Custom/readxl.php on line 9
[09-Mar-2024 10:48:39 UTC] PHP Fatal error:  Uncaught Error: Class 'PhpOffice\PhpSpreadsheet\IOFactory' not found in /home/u225552550/domains/eybus.xyz/public_html/inv/Custom/readxl.php:9
Stack trace:
#0 {main}
  thrown in /home/u225552550/domains/eybus.xyz/public_html/inv/Custom/readxl.php on line 9
[09-Mar-2024 10:48:39 UTC] PHP Fatal error:  Uncaught Error: Class 'PhpOffice\PhpSpreadsheet\IOFactory' not found in /home/u225552550/domains/eybus.xyz/public_html/inv/Custom/readxl.php:9
Stack trace:
#0 {main}
  thrown in /home/u225552550/domains/eybus.xyz/public_html/inv/Custom/readxl.php on line 9
[09-Mar-2024 10:48:39 UTC] PHP Fatal error:  Uncaught Error: Class 'PhpOffice\PhpSpreadsheet\IOFactory' not found in /home/u225552550/domains/eybus.xyz/public_html/inv/Custom/readxl.php:9
Stack trace:
#0 {main}
  thrown in /home/u225552550/domains/eybus.xyz/public_html/inv/Custom/readxl.php on line 9
[09-Mar-2024 10:48:39 UTC] PHP Fatal error:  Uncaught Error: Class 'PhpOffice\PhpSpreadsheet\IOFactory' not found in /home/u225552550/domains/eybus.xyz/public_html/inv/Custom/readxl.php:9
Stack trace:
#0 {main}
  thrown in /home/u225552550/domains/eybus.xyz/public_html/inv/Custom/readxl.php on line 9
[09-Mar-2024 10:48:39 UTC] PHP Fatal error:  Uncaught Error: Class 'PhpOffice\PhpSpreadsheet\IOFactory' not found in /home/u225552550/domains/eybus.xyz/public_html/inv/Custom/readxl.php:9
Stack trace:
#0 {main}
  thrown in /home/u225552550/domains/eybus.xyz/public_html/inv/Custom/readxl.php on line 9
[09-Mar-2024 10:48:40 UTC] PHP Fatal error:  Uncaught Error: Class 'PhpOffice\PhpSpreadsheet\IOFactory' not found in /home/u225552550/domains/eybus.xyz/public_html/inv/Custom/readxl.php:9
Stack trace:
#0 {main}
  thrown in /home/u225552550/domains/eybus.xyz/public_html/inv/Custom/readxl.php on line 9
[09-Mar-2024 10:49:24 UTC] PHP Fatal error:  Uncaught Error: Class 'PhpOffice\PhpSpreadsheet\IOFactory' not found in /home/u225552550/domains/eybus.xyz/public_html/inv/Custom/readxl.php:10
Stack trace:
#0 {main}
  thrown in /home/u225552550/domains/eybus.xyz/public_html/inv/Custom/readxl.php on line 10
[09-Mar-2024 10:49:25 UTC] PHP Fatal error:  Uncaught Error: Class 'PhpOffice\PhpSpreadsheet\IOFactory' not found in /home/u225552550/domains/eybus.xyz/public_html/inv/Custom/readxl.php:10
Stack trace:
#0 {main}
  thrown in /home/u225552550/domains/eybus.xyz/public_html/inv/Custom/readxl.php on line 10
[09-Mar-2024 10:49:25 UTC] PHP Fatal error:  Uncaught Error: Class 'PhpOffice\PhpSpreadsheet\IOFactory' not found in /home/u225552550/domains/eybus.xyz/public_html/inv/Custom/readxl.php:10
Stack trace:
#0 {main}
  thrown in /home/u225552550/domains/eybus.xyz/public_html/inv/Custom/readxl.php on line 10
[09-Mar-2024 10:49:26 UTC] PHP Fatal error:  Uncaught Error: Class 'PhpOffice\PhpSpreadsheet\IOFactory' not found in /home/u225552550/domains/eybus.xyz/public_html/inv/Custom/readxl.php:10
Stack trace:
#0 {main}
  thrown in /home/u225552550/domains/eybus.xyz/public_html/inv/Custom/readxl.php on line 10
[09-Mar-2024 10:49:26 UTC] PHP Fatal error:  Uncaught Error: Class 'PhpOffice\PhpSpreadsheet\IOFactory' not found in /home/u225552550/domains/eybus.xyz/public_html/inv/Custom/readxl.php:10
Stack trace:
#0 {main}
  thrown in /home/u225552550/domains/eybus.xyz/public_html/inv/Custom/readxl.php on line 10
[09-Mar-2024 10:49:26 UTC] PHP Fatal error:  Uncaught Error: Class 'PhpOffice\PhpSpreadsheet\IOFactory' not found in /home/u225552550/domains/eybus.xyz/public_html/inv/Custom/readxl.php:10
Stack trace:
#0 {main}
  thrown in /home/u225552550/domains/eybus.xyz/public_html/inv/Custom/readxl.php on line 10
[09-Mar-2024 10:49:32 UTC] PHP Fatal error:  Uncaught Error: Class 'PhpOffice\PhpSpreadsheet\IOFactory' not found in /home/u225552550/domains/eybus.xyz/public_html/inv/Custom/readxl.php:10
Stack trace:
#0 {main}
  thrown in /home/u225552550/domains/eybus.xyz/public_html/inv/Custom/readxl.php on line 10
[09-Mar-2024 10:49:33 UTC] PHP Fatal error:  Uncaught Error: Class 'PhpOffice\PhpSpreadsheet\IOFactory' not found in /home/u225552550/domains/eybus.xyz/public_html/inv/Custom/readxl.php:10
Stack trace:
#0 {main}
  thrown in /home/u225552550/domains/eybus.xyz/public_html/inv/Custom/readxl.php on line 10
[09-Mar-2024 10:49:33 UTC] PHP Fatal error:  Uncaught Error: Class 'PhpOffice\PhpSpreadsheet\IOFactory' not found in /home/u225552550/domains/eybus.xyz/public_html/inv/Custom/readxl.php:10
Stack trace:
#0 {main}
  thrown in /home/u225552550/domains/eybus.xyz/public_html/inv/Custom/readxl.php on line 10
[09-Mar-2024 10:49:34 UTC] PHP Fatal error:  Uncaught Error: Class 'PhpOffice\PhpSpreadsheet\IOFactory' not found in /home/u225552550/domains/eybus.xyz/public_html/inv/Custom/readxl.php:10
Stack trace:
#0 {main}
  thrown in /home/u225552550/domains/eybus.xyz/public_html/inv/Custom/readxl.php on line 10
[09-Mar-2024 10:49:53 UTC] PHP Fatal error:  Uncaught Error: Class 'PhpOffice\PhpSpreadsheet\IOFactory' not found in /home/u225552550/domains/eybus.xyz/public_html/inv/Custom/readxl.php:10
Stack trace:
#0 {main}
  thrown in /home/u225552550/domains/eybus.xyz/public_html/inv/Custom/readxl.php on line 10
[09-Mar-2024 10:49:54 UTC] PHP Fatal error:  Uncaught Error: Class 'PhpOffice\PhpSpreadsheet\IOFactory' not found in /home/u225552550/domains/eybus.xyz/public_html/inv/Custom/readxl.php:10
Stack trace:
#0 {main}
  thrown in /home/u225552550/domains/eybus.xyz/public_html/inv/Custom/readxl.php on line 10
[09-Mar-2024 10:50:09 UTC] PHP Parse error:  syntax error, unexpected 'use' (T_USE) in /home/u225552550/domains/eybus.xyz/public_html/inv/Custom/readxl.php on line 6
[09-Mar-2024 10:55:04 UTC] PHP Fatal error:  Uncaught Error: Call to undefined function composer_get_libraries() in /home/u225552550/domains/eybus.xyz/public_html/inv/Custom/readxl.php:6
Stack trace:
#0 {main}
  thrown in /home/u225552550/domains/eybus.xyz/public_html/inv/Custom/readxl.php on line 6
[09-Mar-2024 10:55:48 UTC] PHP Notice:  Array to string conversion in /home/u225552550/domains/eybus.xyz/public_html/inv/Custom/readxl.php on line 7
[09-Mar-2024 10:59:56 UTC] PHP Parse error:  syntax error, unexpected '$libraries' (T_VARIABLE) in /home/u225552550/domains/eybus.xyz/public_html/inv/Custom/readxl.php on line 9
[09-Mar-2024 11:00:18 UTC] PHP Warning:  require(/home/u225552550/domains/eybus.xyz/public_html/inv/vendor/phpoffice) [<a href='0function.require0'>function.require0</a>]: failed to open stream: Interrupted system call in /home/u225552550/domains/eybus.xyz/public_html/inv/Custom/readxl.php on line 7
[09-Mar-2024 11:00:18 UTC] PHP Warning:  require(/home/u225552550/domains/eybus.xyz/public_html/inv/vendor/phpoffice) [<a href='0function.require0'>function.require0</a>]: failed to open stream: No such device in /home/u225552550/domains/eybus.xyz/public_html/inv/Custom/readxl.php on line 7
[09-Mar-2024 11:00:18 UTC] PHP Fatal error:  require() [<a href='0function.require0'>function.require0</a>]: Failed opening required '../vendor/phpoffice/' (include_path='.:/opt/alt/php72/usr/share/pear') in /home/u225552550/domains/eybus.xyz/public_html/inv/Custom/readxl.php on line 7
[09-Mar-2024 11:00:19 UTC] PHP Warning:  require(/home/u225552550/domains/eybus.xyz/public_html/inv/vendor/phpoffice) [<a href='0function.require0'>function.require0</a>]: failed to open stream: No such device in /home/u225552550/domains/eybus.xyz/public_html/inv/Custom/readxl.php on line 7
[09-Mar-2024 11:00:19 UTC] PHP Warning:  require(/home/u225552550/domains/eybus.xyz/public_html/inv/vendor/phpoffice) [<a href='0function.require0'>function.require0</a>]: failed to open stream: No such device in /home/u225552550/domains/eybus.xyz/public_html/inv/Custom/readxl.php on line 7
[09-Mar-2024 11:00:19 UTC] PHP Fatal error:  require() [<a href='0function.require0'>function.require0</a>]: Failed opening required '../vendor/phpoffice/' (include_path='.:/opt/alt/php72/usr/share/pear') in /home/u225552550/domains/eybus.xyz/public_html/inv/Custom/readxl.php on line 7
[09-Mar-2024 11:00:19 UTC] PHP Warning:  require(/home/u225552550/domains/eybus.xyz/public_html/inv/vendor/phpoffice) [<a href='0function.require0'>function.require0</a>]: failed to open stream: No such device in /home/u225552550/domains/eybus.xyz/public_html/inv/Custom/readxl.php on line 7
[09-Mar-2024 11:00:19 UTC] PHP Warning:  require(/home/u225552550/domains/eybus.xyz/public_html/inv/vendor/phpoffice) [<a href='0function.require0'>function.require0</a>]: failed to open stream: No such device in /home/u225552550/domains/eybus.xyz/public_html/inv/Custom/readxl.php on line 7
[09-Mar-2024 11:00:19 UTC] PHP Fatal error:  require() [<a href='0function.require0'>function.require0</a>]: Failed opening required '../vendor/phpoffice/' (include_path='.:/opt/alt/php72/usr/share/pear') in /home/u225552550/domains/eybus.xyz/public_html/inv/Custom/readxl.php on line 7
[09-Mar-2024 11:00:19 UTC] PHP Warning:  require(/home/u225552550/domains/eybus.xyz/public_html/inv/vendor/phpoffice) [<a href='0function.require0'>function.require0</a>]: failed to open stream: No such device in /home/u225552550/domains/eybus.xyz/public_html/inv/Custom/readxl.php on line 7
[09-Mar-2024 11:00:19 UTC] PHP Warning:  require(/home/u225552550/domains/eybus.xyz/public_html/inv/vendor/phpoffice) [<a href='0function.require0'>function.require0</a>]: failed to open stream: No such device in /home/u225552550/domains/eybus.xyz/public_html/inv/Custom/readxl.php on line 7
[09-Mar-2024 11:00:19 UTC] PHP Fatal error:  require() [<a href='0function.require0'>function.require0</a>]: Failed opening required '../vendor/phpoffice/' (include_path='.:/opt/alt/php72/usr/share/pear') in /home/u225552550/domains/eybus.xyz/public_html/inv/Custom/readxl.php on line 7
[09-Mar-2024 11:00:29 UTC] PHP Warning:  require(/home/u225552550/domains/eybus.xyz/public_html/inv/vendor/phpoffice) [<a href='0function.require0'>function.require0</a>]: failed to open stream: No such device in /home/u225552550/domains/eybus.xyz/public_html/inv/Custom/readxl.php on line 7
[09-Mar-2024 11:00:29 UTC] PHP Warning:  require(/home/u225552550/domains/eybus.xyz/public_html/inv/vendor/phpoffice) [<a href='0function.require0'>function.require0</a>]: failed to open stream: No such device in /home/u225552550/domains/eybus.xyz/public_html/inv/Custom/readxl.php on line 7
[09-Mar-2024 11:00:29 UTC] PHP Fatal error:  require() [<a href='0function.require0'>function.require0</a>]: Failed opening required '../vendor/phpoffice' (include_path='.:/opt/alt/php72/usr/share/pear') in /home/u225552550/domains/eybus.xyz/public_html/inv/Custom/readxl.php on line 7
[09-Mar-2024 11:00:50 UTC] PHP Warning:  include(/home/u225552550/domains/eybus.xyz/public_html/inv/vendor/phpoffice) [<a href='0function.include0'>function.include0</a>]: failed to open stream: Interrupted system call in /home/u225552550/domains/eybus.xyz/public_html/inv/Custom/readxl.php on line 7
[09-Mar-2024 11:00:50 UTC] PHP Warning:  include(/home/u225552550/domains/eybus.xyz/public_html/inv/vendor/phpoffice) [<a href='0function.include0'>function.include0</a>]: failed to open stream: No such device in /home/u225552550/domains/eybus.xyz/public_html/inv/Custom/readxl.php on line 7
[09-Mar-2024 11:00:50 UTC] PHP Warning:  include() [<a href='0function.include0'>function.include0</a>]: Failed opening '../vendor/phpoffice' for inclusion (include_path='.:/opt/alt/php72/usr/share/pear') in /home/u225552550/domains/eybus.xyz/public_html/inv/Custom/readxl.php on line 7
[09-Mar-2024 11:02:07 UTC] PHP Warning:  include(/home/u225552550/domains/eybus.xyz/public_html/inv/vendor/phpoffice) [<a href='0function.include0'>function.include0</a>]: failed to open stream: Success in /home/u225552550/domains/eybus.xyz/public_html/inv/Custom/readxl.php on line 7
[09-Mar-2024 11:02:07 UTC] PHP Warning:  include(/home/u225552550/domains/eybus.xyz/public_html/inv/vendor/phpoffice) [<a href='0function.include0'>function.include0</a>]: failed to open stream: No such device in /home/u225552550/domains/eybus.xyz/public_html/inv/Custom/readxl.php on line 7
[09-Mar-2024 11:02:07 UTC] PHP Warning:  include() [<a href='0function.include0'>function.include0</a>]: Failed opening '../vendor/phpoffice' for inclusion (include_path='.:/opt/alt/php72/usr/share/pear') in /home/u225552550/domains/eybus.xyz/public_html/inv/Custom/readxl.php on line 7
[09-Mar-2024 11:02:07 UTC] PHP Fatal error:  Uncaught Error: Class 'PhpOffice\PhpSpreadsheet\IOFactory' not found in /home/u225552550/domains/eybus.xyz/public_html/inv/Custom/readxl.php:16
Stack trace:
#0 {main}
  thrown in /home/u225552550/domains/eybus.xyz/public_html/inv/Custom/readxl.php on line 16
[09-Mar-2024 11:02:21 UTC] PHP Warning:  include(/home/u225552550/domains/eybus.xyz/public_html/inv/vendor/phpoffice) [<a href='0function.include0'>function.include0</a>]: failed to open stream: Interrupted system call in /home/u225552550/domains/eybus.xyz/public_html/inv/Custom/readxl.php on line 7
[09-Mar-2024 11:02:21 UTC] PHP Warning:  include(/home/u225552550/domains/eybus.xyz/public_html/inv/vendor/phpoffice) [<a href='0function.include0'>function.include0</a>]: failed to open stream: No such device in /home/u225552550/domains/eybus.xyz/public_html/inv/Custom/readxl.php on line 7
[09-Mar-2024 11:02:21 UTC] PHP Warning:  include() [<a href='0function.include0'>function.include0</a>]: Failed opening '../vendor/phpoffice' for inclusion (include_path='.:/opt/alt/php72/usr/share/pear') in /home/u225552550/domains/eybus.xyz/public_html/inv/Custom/readxl.php on line 7
[09-Mar-2024 11:02:21 UTC] PHP Fatal error:  Uncaught Error: Class 'PhpOffice\PhpSpreadsheet\IOFactory' not found in /home/u225552550/domains/eybus.xyz/public_html/inv/Custom/readxl.php:16
Stack trace:
#0 {main}
  thrown in /home/u225552550/domains/eybus.xyz/public_html/inv/Custom/readxl.php on line 16
[09-Mar-2024 11:02:42 UTC] PHP Warning:  include(/home/u225552550/domains/eybus.xyz/public_html/inv/vendor/phpoffice) [<a href='0function.include0'>function.include0</a>]: failed to open stream: Success in /home/u225552550/domains/eybus.xyz/public_html/inv/Custom/readxl.php on line 7
[09-Mar-2024 11:02:42 UTC] PHP Warning:  include(/home/u225552550/domains/eybus.xyz/public_html/inv/vendor/phpoffice) [<a href='0function.include0'>function.include0</a>]: failed to open stream: No such device in /home/u225552550/domains/eybus.xyz/public_html/inv/Custom/readxl.php on line 7
[09-Mar-2024 11:02:42 UTC] PHP Warning:  include() [<a href='0function.include0'>function.include0</a>]: Failed opening '../vendor/phpoffice' for inclusion (include_path='.:/opt/alt/php72/usr/share/pear') in /home/u225552550/domains/eybus.xyz/public_html/inv/Custom/readxl.php on line 7
[09-Mar-2024 11:02:42 UTC] PHP Fatal error:  Uncaught Error: Class 'PhpOffice\PhpSpreadsheet\IOFactory' not found in /home/u225552550/domains/eybus.xyz/public_html/inv/Custom/readxl.php:16
Stack trace:
#0 {main}
  thrown in /home/u225552550/domains/eybus.xyz/public_html/inv/Custom/readxl.php on line 16
[09-Mar-2024 11:02:43 UTC] PHP Warning:  include(/home/u225552550/domains/eybus.xyz/public_html/inv/vendor/phpoffice) [<a href='0function.include0'>function.include0</a>]: failed to open stream: Success in /home/u225552550/domains/eybus.xyz/public_html/inv/Custom/readxl.php on line 7
[09-Mar-2024 11:02:43 UTC] PHP Warning:  include(/home/u225552550/domains/eybus.xyz/public_html/inv/vendor/phpoffice) [<a href='0function.include0'>function.include0</a>]: failed to open stream: No such device in /home/u225552550/domains/eybus.xyz/public_html/inv/Custom/readxl.php on line 7
[09-Mar-2024 11:02:43 UTC] PHP Warning:  include() [<a href='0function.include0'>function.include0</a>]: Failed opening '../vendor/phpoffice' for inclusion (include_path='.:/opt/alt/php72/usr/share/pear') in /home/u225552550/domains/eybus.xyz/public_html/inv/Custom/readxl.php on line 7
[09-Mar-2024 11:02:43 UTC] PHP Fatal error:  Uncaught Error: Class 'PhpOffice\PhpSpreadsheet\IOFactory' not found in /home/u225552550/domains/eybus.xyz/public_html/inv/Custom/readxl.php:16
Stack trace:
#0 {main}
  thrown in /home/u225552550/domains/eybus.xyz/public_html/inv/Custom/readxl.php on line 16
[09-Mar-2024 11:04:30 UTC] PHP Fatal error:  Uncaught Error: Class 'PhpOffice\PhpSpreadsheet\IOFactory' not found in /home/u225552550/domains/eybus.xyz/public_html/inv/Custom/readxl.php:16
Stack trace:
#0 {main}
  thrown in /home/u225552550/domains/eybus.xyz/public_html/inv/Custom/readxl.php on line 16
[09-Mar-2024 11:04:32 UTC] PHP Fatal error:  Uncaught Error: Class 'PhpOffice\PhpSpreadsheet\IOFactory' not found in /home/u225552550/domains/eybus.xyz/public_html/inv/Custom/readxl.php:16
Stack trace:
#0 {main}
  thrown in /home/u225552550/domains/eybus.xyz/public_html/inv/Custom/readxl.php on line 16
[09-Mar-2024 11:04:59 UTC] PHP Fatal error:  Uncaught Error: Class 'PhpOffice\PhpSpreadsheet\IOFactory' not found in /home/u225552550/domains/eybus.xyz/public_html/inv/Custom/readxl.php:16
Stack trace:
#0 {main}
  thrown in /home/u225552550/domains/eybus.xyz/public_html/inv/Custom/readxl.php on line 16
[09-Mar-2024 11:05:00 UTC] PHP Fatal error:  Uncaught Error: Class 'PhpOffice\PhpSpreadsheet\IOFactory' not found in /home/u225552550/domains/eybus.xyz/public_html/inv/Custom/readxl.php:16
Stack trace:
#0 {main}
  thrown in /home/u225552550/domains/eybus.xyz/public_html/inv/Custom/readxl.php on line 16
[09-Mar-2024 11:05:00 UTC] PHP Fatal error:  Uncaught Error: Class 'PhpOffice\PhpSpreadsheet\IOFactory' not found in /home/u225552550/domains/eybus.xyz/public_html/inv/Custom/readxl.php:16
Stack trace:
#0 {main}
  thrown in /home/u225552550/domains/eybus.xyz/public_html/inv/Custom/readxl.php on line 16
[09-Mar-2024 11:05:00 UTC] PHP Fatal error:  Uncaught Error: Class 'PhpOffice\PhpSpreadsheet\IOFactory' not found in /home/u225552550/domains/eybus.xyz/public_html/inv/Custom/readxl.php:16
Stack trace:
#0 {main}
  thrown in /home/u225552550/domains/eybus.xyz/public_html/inv/Custom/readxl.php on line 16
[09-Mar-2024 11:05:01 UTC] PHP Fatal error:  Uncaught Error: Class 'PhpOffice\PhpSpreadsheet\IOFactory' not found in /home/u225552550/domains/eybus.xyz/public_html/inv/Custom/readxl.php:16
Stack trace:
#0 {main}
  thrown in /home/u225552550/domains/eybus.xyz/public_html/inv/Custom/readxl.php on line 16
[09-Mar-2024 11:05:01 UTC] PHP Fatal error:  Uncaught Error: Class 'PhpOffice\PhpSpreadsheet\IOFactory' not found in /home/u225552550/domains/eybus.xyz/public_html/inv/Custom/readxl.php:16
Stack trace:
#0 {main}
  thrown in /home/u225552550/domains/eybus.xyz/public_html/inv/Custom/readxl.php on line 16
[09-Mar-2024 11:05:01 UTC] PHP Fatal error:  Uncaught Error: Class 'PhpOffice\PhpSpreadsheet\IOFactory' not found in /home/u225552550/domains/eybus.xyz/public_html/inv/Custom/readxl.php:16
Stack trace:
#0 {main}
  thrown in /home/u225552550/domains/eybus.xyz/public_html/inv/Custom/readxl.php on line 16
[09-Mar-2024 11:05:01 UTC] PHP Fatal error:  Uncaught Error: Class 'PhpOffice\PhpSpreadsheet\IOFactory' not found in /home/u225552550/domains/eybus.xyz/public_html/inv/Custom/readxl.php:16
Stack trace:
#0 {main}
  thrown in /home/u225552550/domains/eybus.xyz/public_html/inv/Custom/readxl.php on line 16
[09-Mar-2024 11:05:01 UTC] PHP Fatal error:  Uncaught Error: Class 'PhpOffice\PhpSpreadsheet\IOFactory' not found in /home/u225552550/domains/eybus.xyz/public_html/inv/Custom/readxl.php:16
Stack trace:
#0 {main}
  thrown in /home/u225552550/domains/eybus.xyz/public_html/inv/Custom/readxl.php on line 16
[09-Mar-2024 11:05:26 UTC] PHP Fatal error:  Uncaught Error: Class 'PhpOffice\PhpSpreadsheet\Shared\File' not found in /home/u225552550/domains/eybus.xyz/public_html/inv/vendor/phpoffice/phpspreadsheet/src/PhpSpreadsheet/IOFactory.php:115
Stack trace:
#0 /home/u225552550/domains/eybus.xyz/public_html/inv/vendor/phpoffice/phpspreadsheet/src/PhpSpreadsheet/IOFactory.php(84): PhpOffice\PhpSpreadsheet\IOFactory::createReaderForFile('./excel.xlsm')
#1 /home/u225552550/domains/eybus.xyz/public_html/inv/Custom/readxl.php(16): PhpOffice\PhpSpreadsheet\IOFactory::load('./excel.xlsm')
#2 {main}
  thrown in /home/u225552550/domains/eybus.xyz/public_html/inv/vendor/phpoffice/phpspreadsheet/src/PhpSpreadsheet/IOFactory.php on line 115
[09-Mar-2024 11:05:26 UTC] PHP Fatal error:  Uncaught Error: Class 'PhpOffice\PhpSpreadsheet\Shared\File' not found in /home/u225552550/domains/eybus.xyz/public_html/inv/vendor/phpoffice/phpspreadsheet/src/PhpSpreadsheet/IOFactory.php:115
Stack trace:
#0 /home/u225552550/domains/eybus.xyz/public_html/inv/vendor/phpoffice/phpspreadsheet/src/PhpSpreadsheet/IOFactory.php(84): PhpOffice\PhpSpreadsheet\IOFactory::createReaderForFile('./excel.xlsm')
#1 /home/u225552550/domains/eybus.xyz/public_html/inv/Custom/readxl.php(16): PhpOffice\PhpSpreadsheet\IOFactory::load('./excel.xlsm')
#2 {main}
  thrown in /home/u225552550/domains/eybus.xyz/public_html/inv/vendor/phpoffice/phpspreadsheet/src/PhpSpreadsheet/IOFactory.php on line 115
[09-Mar-2024 11:05:26 UTC] PHP Fatal error:  Uncaught Error: Class 'PhpOffice\PhpSpreadsheet\Shared\File' not found in /home/u225552550/domains/eybus.xyz/public_html/inv/vendor/phpoffice/phpspreadsheet/src/PhpSpreadsheet/IOFactory.php:115
Stack trace:
#0 /home/u225552550/domains/eybus.xyz/public_html/inv/vendor/phpoffice/phpspreadsheet/src/PhpSpreadsheet/IOFactory.php(84): PhpOffice\PhpSpreadsheet\IOFactory::createReaderForFile('./excel.xlsm')
#1 /home/u225552550/domains/eybus.xyz/public_html/inv/Custom/readxl.php(16): PhpOffice\PhpSpreadsheet\IOFactory::load('./excel.xlsm')
#2 {main}
  thrown in /home/u225552550/domains/eybus.xyz/public_html/inv/vendor/phpoffice/phpspreadsheet/src/PhpSpreadsheet/IOFactory.php on line 115
[09-Mar-2024 11:05:27 UTC] PHP Fatal error:  Uncaught Error: Class 'PhpOffice\PhpSpreadsheet\Shared\File' not found in /home/u225552550/domains/eybus.xyz/public_html/inv/vendor/phpoffice/phpspreadsheet/src/PhpSpreadsheet/IOFactory.php:115
Stack trace:
#0 /home/u225552550/domains/eybus.xyz/public_html/inv/vendor/phpoffice/phpspreadsheet/src/PhpSpreadsheet/IOFactory.php(84): PhpOffice\PhpSpreadsheet\IOFactory::createReaderForFile('./excel.xlsm')
#1 /home/u225552550/domains/eybus.xyz/public_html/inv/Custom/readxl.php(16): PhpOffice\PhpSpreadsheet\IOFactory::load('./excel.xlsm')
#2 {main}
  thrown in /home/u225552550/domains/eybus.xyz/public_html/inv/vendor/phpoffice/phpspreadsheet/src/PhpSpreadsheet/IOFactory.php on line 115
[09-Mar-2024 11:05:27 UTC] PHP Fatal error:  Uncaught Error: Class 'PhpOffice\PhpSpreadsheet\Shared\File' not found in /home/u225552550/domains/eybus.xyz/public_html/inv/vendor/phpoffice/phpspreadsheet/src/PhpSpreadsheet/IOFactory.php:115
Stack trace:
#0 /home/u225552550/domains/eybus.xyz/public_html/inv/vendor/phpoffice/phpspreadsheet/src/PhpSpreadsheet/IOFactory.php(84): PhpOffice\PhpSpreadsheet\IOFactory::createReaderForFile('./excel.xlsm')
#1 /home/u225552550/domains/eybus.xyz/public_html/inv/Custom/readxl.php(16): PhpOffice\PhpSpreadsheet\IOFactory::load('./excel.xlsm')
#2 {main}
  thrown in /home/u225552550/domains/eybus.xyz/public_html/inv/vendor/phpoffice/phpspreadsheet/src/PhpSpreadsheet/IOFactory.php on line 115
[09-Mar-2024 11:05:28 UTC] PHP Fatal error:  Uncaught Error: Class 'PhpOffice\PhpSpreadsheet\Shared\File' not found in /home/u225552550/domains/eybus.xyz/public_html/inv/vendor/phpoffice/phpspreadsheet/src/PhpSpreadsheet/IOFactory.php:115
Stack trace:
#0 /home/u225552550/domains/eybus.xyz/public_html/inv/vendor/phpoffice/phpspreadsheet/src/PhpSpreadsheet/IOFactory.php(84): PhpOffice\PhpSpreadsheet\IOFactory::createReaderForFile('./excel.xlsm')
#1 /home/u225552550/domains/eybus.xyz/public_html/inv/Custom/readxl.php(16): PhpOffice\PhpSpreadsheet\IOFactory::load('./excel.xlsm')
#2 {main}
  thrown in /home/u225552550/domains/eybus.xyz/public_html/inv/vendor/phpoffice/phpspreadsheet/src/PhpSpreadsheet/IOFactory.php on line 115
[09-Mar-2024 11:05:30 UTC] PHP Fatal error:  Uncaught Error: Class 'PhpOffice\PhpSpreadsheet\Shared\File' not found in /home/u225552550/domains/eybus.xyz/public_html/inv/vendor/phpoffice/phpspreadsheet/src/PhpSpreadsheet/IOFactory.php:115
Stack trace:
#0 /home/u225552550/domains/eybus.xyz/public_html/inv/vendor/phpoffice/phpspreadsheet/src/PhpSpreadsheet/IOFactory.php(84): PhpOffice\PhpSpreadsheet\IOFactory::createReaderForFile('./excel.xlsm')
#1 /home/u225552550/domains/eybus.xyz/public_html/inv/Custom/readxl.php(16): PhpOffice\PhpSpreadsheet\IOFactory::load('./excel.xlsm')
#2 {main}
  thrown in /home/u225552550/domains/eybus.xyz/public_html/inv/vendor/phpoffice/phpspreadsheet/src/PhpSpreadsheet/IOFactory.php on line 115
[09-Mar-2024 11:05:30 UTC] PHP Fatal error:  Uncaught Error: Class 'PhpOffice\PhpSpreadsheet\Shared\File' not found in /home/u225552550/domains/eybus.xyz/public_html/inv/vendor/phpoffice/phpspreadsheet/src/PhpSpreadsheet/IOFactory.php:115
Stack trace:
#0 /home/u225552550/domains/eybus.xyz/public_html/inv/vendor/phpoffice/phpspreadsheet/src/PhpSpreadsheet/IOFactory.php(84): PhpOffice\PhpSpreadsheet\IOFactory::createReaderForFile('./excel.xlsm')
#1 /home/u225552550/domains/eybus.xyz/public_html/inv/Custom/readxl.php(16): PhpOffice\PhpSpreadsheet\IOFactory::load('./excel.xlsm')
#2 {main}
  thrown in /home/u225552550/domains/eybus.xyz/public_html/inv/vendor/phpoffice/phpspreadsheet/src/PhpSpreadsheet/IOFactory.php on line 115
[09-Mar-2024 11:05:30 UTC] PHP Fatal error:  Uncaught Error: Class 'PhpOffice\PhpSpreadsheet\Shared\File' not found in /home/u225552550/domains/eybus.xyz/public_html/inv/vendor/phpoffice/phpspreadsheet/src/PhpSpreadsheet/IOFactory.php:115
Stack trace:
#0 /home/u225552550/domains/eybus.xyz/public_html/inv/vendor/phpoffice/phpspreadsheet/src/PhpSpreadsheet/IOFactory.php(84): PhpOffice\PhpSpreadsheet\IOFactory::createReaderForFile('./excel.xlsm')
#1 /home/u225552550/domains/eybus.xyz/public_html/inv/Custom/readxl.php(16): PhpOffice\PhpSpreadsheet\IOFactory::load('./excel.xlsm')
#2 {main}
  thrown in /home/u225552550/domains/eybus.xyz/public_html/inv/vendor/phpoffice/phpspreadsheet/src/PhpSpreadsheet/IOFactory.php on line 115
[09-Mar-2024 11:05:30 UTC] PHP Fatal error:  Uncaught Error: Class 'PhpOffice\PhpSpreadsheet\Shared\File' not found in /home/u225552550/domains/eybus.xyz/public_html/inv/vendor/phpoffice/phpspreadsheet/src/PhpSpreadsheet/IOFactory.php:115
Stack trace:
#0 /home/u225552550/domains/eybus.xyz/public_html/inv/vendor/phpoffice/phpspreadsheet/src/PhpSpreadsheet/IOFactory.php(84): PhpOffice\PhpSpreadsheet\IOFactory::createReaderForFile('./excel.xlsm')
#1 /home/u225552550/domains/eybus.xyz/public_html/inv/Custom/readxl.php(16): PhpOffice\PhpSpreadsheet\IOFactory::load('./excel.xlsm')
#2 {main}
  thrown in /home/u225552550/domains/eybus.xyz/public_html/inv/vendor/phpoffice/phpspreadsheet/src/PhpSpreadsheet/IOFactory.php on line 115
[09-Mar-2024 11:05:30 UTC] PHP Fatal error:  Uncaught Error: Class 'PhpOffice\PhpSpreadsheet\Shared\File' not found in /home/u225552550/domains/eybus.xyz/public_html/inv/vendor/phpoffice/phpspreadsheet/src/PhpSpreadsheet/IOFactory.php:115
Stack trace:
#0 /home/u225552550/domains/eybus.xyz/public_html/inv/vendor/phpoffice/phpspreadsheet/src/PhpSpreadsheet/IOFactory.php(84): PhpOffice\PhpSpreadsheet\IOFactory::createReaderForFile('./excel.xlsm')
#1 /home/u225552550/domains/eybus.xyz/public_html/inv/Custom/readxl.php(16): PhpOffice\PhpSpreadsheet\IOFactory::load('./excel.xlsm')
#2 {main}
  thrown in /home/u225552550/domains/eybus.xyz/public_html/inv/vendor/phpoffice/phpspreadsheet/src/PhpSpreadsheet/IOFactory.php on line 115
[09-Mar-2024 11:05:31 UTC] PHP Fatal error:  Uncaught Error: Class 'PhpOffice\PhpSpreadsheet\Shared\File' not found in /home/u225552550/domains/eybus.xyz/public_html/inv/vendor/phpoffice/phpspreadsheet/src/PhpSpreadsheet/IOFactory.php:115
Stack trace:
#0 /home/u225552550/domains/eybus.xyz/public_html/inv/vendor/phpoffice/phpspreadsheet/src/PhpSpreadsheet/IOFactory.php(84): PhpOffice\PhpSpreadsheet\IOFactory::createReaderForFile('./excel.xlsm')
#1 /home/u225552550/domains/eybus.xyz/public_html/inv/Custom/readxl.php(16): PhpOffice\PhpSpreadsheet\IOFactory::load('./excel.xlsm')
#2 {main}
  thrown in /home/u225552550/domains/eybus.xyz/public_html/inv/vendor/phpoffice/phpspreadsheet/src/PhpSpreadsheet/IOFactory.php on line 115
[09-Mar-2024 11:05:31 UTC] PHP Fatal error:  Uncaught Error: Class 'PhpOffice\PhpSpreadsheet\Shared\File' not found in /home/u225552550/domains/eybus.xyz/public_html/inv/vendor/phpoffice/phpspreadsheet/src/PhpSpreadsheet/IOFactory.php:115
Stack trace:
#0 /home/u225552550/domains/eybus.xyz/public_html/inv/vendor/phpoffice/phpspreadsheet/src/PhpSpreadsheet/IOFactory.php(84): PhpOffice\PhpSpreadsheet\IOFactory::createReaderForFile('./excel.xlsm')
#1 /home/u225552550/domains/eybus.xyz/public_html/inv/Custom/readxl.php(16): PhpOffice\PhpSpreadsheet\IOFactory::load('./excel.xlsm')
#2 {main}
  thrown in /home/u225552550/domains/eybus.xyz/public_html/inv/vendor/phpoffice/phpspreadsheet/src/PhpSpreadsheet/IOFactory.php on line 115
[09-Mar-2024 11:05:31 UTC] PHP Fatal error:  Uncaught Error: Class 'PhpOffice\PhpSpreadsheet\Shared\File' not found in /home/u225552550/domains/eybus.xyz/public_html/inv/vendor/phpoffice/phpspreadsheet/src/PhpSpreadsheet/IOFactory.php:115
Stack trace:
#0 /home/u225552550/domains/eybus.xyz/public_html/inv/vendor/phpoffice/phpspreadsheet/src/PhpSpreadsheet/IOFactory.php(84): PhpOffice\PhpSpreadsheet\IOFactory::createReaderForFile('./excel.xlsm')
#1 /home/u225552550/domains/eybus.xyz/public_html/inv/Custom/readxl.php(16): PhpOffice\PhpSpreadsheet\IOFactory::load('./excel.xlsm')
#2 {main}
  thrown in /home/u225552550/domains/eybus.xyz/public_html/inv/vendor/phpoffice/phpspreadsheet/src/PhpSpreadsheet/IOFactory.php on line 115
[09-Mar-2024 11:05:31 UTC] PHP Fatal error:  Uncaught Error: Class 'PhpOffice\PhpSpreadsheet\Shared\File' not found in /home/u225552550/domains/eybus.xyz/public_html/inv/vendor/phpoffice/phpspreadsheet/src/PhpSpreadsheet/IOFactory.php:115
Stack trace:
#0 /home/u225552550/domains/eybus.xyz/public_html/inv/vendor/phpoffice/phpspreadsheet/src/PhpSpreadsheet/IOFactory.php(84): PhpOffice\PhpSpreadsheet\IOFactory::createReaderForFile('./excel.xlsm')
#1 /home/u225552550/domains/eybus.xyz/public_html/inv/Custom/readxl.php(16): PhpOffice\PhpSpreadsheet\IOFactory::load('./excel.xlsm')
#2 {main}
  thrown in /home/u225552550/domains/eybus.xyz/public_html/inv/vendor/phpoffice/phpspreadsheet/src/PhpSpreadsheet/IOFactory.php on line 115
[09-Mar-2024 11:05:31 UTC] PHP Fatal error:  Uncaught Error: Class 'PhpOffice\PhpSpreadsheet\Shared\File' not found in /home/u225552550/domains/eybus.xyz/public_html/inv/vendor/phpoffice/phpspreadsheet/src/PhpSpreadsheet/IOFactory.php:115
Stack trace:
#0 /home/u225552550/domains/eybus.xyz/public_html/inv/vendor/phpoffice/phpspreadsheet/src/PhpSpreadsheet/IOFactory.php(84): PhpOffice\PhpSpreadsheet\IOFactory::createReaderForFile('./excel.xlsm')
#1 /home/u225552550/domains/eybus.xyz/public_html/inv/Custom/readxl.php(16): PhpOffice\PhpSpreadsheet\IOFactory::load('./excel.xlsm')
#2 {main}
  thrown in /home/u225552550/domains/eybus.xyz/public_html/inv/vendor/phpoffice/phpspreadsheet/src/PhpSpreadsheet/IOFactory.php on line 115
[09-Mar-2024 11:05:31 UTC] PHP Fatal error:  Uncaught Error: Class 'PhpOffice\PhpSpreadsheet\Shared\File' not found in /home/u225552550/domains/eybus.xyz/public_html/inv/vendor/phpoffice/phpspreadsheet/src/PhpSpreadsheet/IOFactory.php:115
Stack trace:
#0 /home/u225552550/domains/eybus.xyz/public_html/inv/vendor/phpoffice/phpspreadsheet/src/PhpSpreadsheet/IOFactory.php(84): PhpOffice\PhpSpreadsheet\IOFactory::createReaderForFile('./excel.xlsm')
#1 /home/u225552550/domains/eybus.xyz/public_html/inv/Custom/readxl.php(16): PhpOffice\PhpSpreadsheet\IOFactory::load('./excel.xlsm')
#2 {main}
  thrown in /home/u225552550/domains/eybus.xyz/public_html/inv/vendor/phpoffice/phpspreadsheet/src/PhpSpreadsheet/IOFactory.php on line 115
[09-Mar-2024 11:05:32 UTC] PHP Fatal error:  Uncaught Error: Class 'PhpOffice\PhpSpreadsheet\Shared\File' not found in /home/u225552550/domains/eybus.xyz/public_html/inv/vendor/phpoffice/phpspreadsheet/src/PhpSpreadsheet/IOFactory.php:115
Stack trace:
#0 /home/u225552550/domains/eybus.xyz/public_html/inv/vendor/phpoffice/phpspreadsheet/src/PhpSpreadsheet/IOFactory.php(84): PhpOffice\PhpSpreadsheet\IOFactory::createReaderForFile('./excel.xlsm')
#1 /home/u225552550/domains/eybus.xyz/public_html/inv/Custom/readxl.php(16): PhpOffice\PhpSpreadsheet\IOFactory::load('./excel.xlsm')
#2 {main}
  thrown in /home/u225552550/domains/eybus.xyz/public_html/inv/vendor/phpoffice/phpspreadsheet/src/PhpSpreadsheet/IOFactory.php on line 115
[09-Mar-2024 11:05:32 UTC] PHP Fatal error:  Uncaught Error: Class 'PhpOffice\PhpSpreadsheet\Shared\File' not found in /home/u225552550/domains/eybus.xyz/public_html/inv/vendor/phpoffice/phpspreadsheet/src/PhpSpreadsheet/IOFactory.php:115
Stack trace:
#0 /home/u225552550/domains/eybus.xyz/public_html/inv/vendor/phpoffice/phpspreadsheet/src/PhpSpreadsheet/IOFactory.php(84): PhpOffice\PhpSpreadsheet\IOFactory::createReaderForFile('./excel.xlsm')
#1 /home/u225552550/domains/eybus.xyz/public_html/inv/Custom/readxl.php(16): PhpOffice\PhpSpreadsheet\IOFactory::load('./excel.xlsm')
#2 {main}
  thrown in /home/u225552550/domains/eybus.xyz/public_html/inv/vendor/phpoffice/phpspreadsheet/src/PhpSpreadsheet/IOFactory.php on line 115
